<?xml version="1.0" encoding="UTF-8"?>
<coverage generated="1673225118318" clover="3.2.0">
  <project timestamp="1673225118318" name="All files">
    <metrics statements="265" coveredstatements="222" conditionals="40" coveredconditionals="28" methods="36" coveredmethods="29" elements="341" coveredelements="279" complexity="0" loc="265" ncloc="265" packages="8" files="19" classes="19"/>
    <package name="src">
      <metrics statements="11" coveredstatements="10" conditionals="0" coveredconditionals="0" methods="2" coveredmethods="1"/>
      <file name="app.js" path="C:\Users\Andela\Documents\WEB DEVELOPMENT\ANDELA\NODEJS\test\src\app.js">
        <metrics statements="11" coveredstatements="10" conditionals="0" coveredconditionals="0" methods="2" coveredmethods="1"/>
        <line num="7" count="5" type="stmt"/>
        <line num="9" count="5" type="stmt"/>
        <line num="11" count="5" type="stmt"/>
        <line num="12" count="5" type="stmt"/>
        <line num="13" count="5" type="stmt"/>
        <line num="14" count="5" type="stmt"/>
        <line num="15" count="5" type="stmt"/>
        <line num="17" count="5" type="stmt"/>
        <line num="18" count="5" type="stmt"/>
        <line num="19" count="3" type="stmt"/>
        <line num="21" count="0" type="stmt"/>
      </file>
    </package>
    <package name="src.controller">
      <metrics statements="148" coveredstatements="111" conditionals="18" coveredconditionals="10" methods="23" coveredmethods="18"/>
      <file name="artController.js" path="C:\Users\Andela\Documents\WEB DEVELOPMENT\ANDELA\NODEJS\test\src\controller\artController.js">
        <metrics statements="95" coveredstatements="69" conditionals="10" coveredconditionals="4" methods="13" coveredmethods="10"/>
        <line num="10" count="5" type="stmt"/>
        <line num="11" count="5" type="stmt"/>
        <line num="14" count="5" type="stmt"/>
        <line num="15" count="10" type="stmt"/>
        <line num="16" count="10" type="stmt"/>
        <line num="21" count="10" type="stmt"/>
        <line num="22" count="10" type="stmt"/>
        <line num="30" count="5" type="stmt"/>
        <line num="31" count="1" type="stmt"/>
        <line num="32" count="1" type="stmt"/>
        <line num="36" count="5" type="stmt"/>
        <line num="37" count="4" type="stmt"/>
        <line num="38" count="4" type="stmt"/>
        <line num="39" count="4" type="stmt"/>
        <line num="40" count="1" type="stmt"/>
        <line num="42" count="3" type="stmt"/>
        <line num="47" count="5" type="stmt"/>
        <line num="48" count="2" type="stmt"/>
        <line num="49" count="2" type="stmt"/>
        <line num="50" count="2" type="stmt"/>
        <line num="52" count="1" type="cond" truecount="1" falsecount="1"/>
        <line num="53" count="0" type="stmt"/>
        <line num="55" count="1" type="cond" truecount="1" falsecount="1"/>
        <line num="56" count="0" type="stmt"/>
        <line num="58" count="1" type="cond" truecount="1" falsecount="1"/>
        <line num="59" count="0" type="stmt"/>
        <line num="61" count="1" type="stmt"/>
        <line num="62" count="1" type="stmt"/>
        <line num="65" count="1" type="stmt"/>
        <line num="70" count="5" type="stmt"/>
        <line num="71" count="0" type="stmt"/>
        <line num="72" count="0" type="stmt"/>
        <line num="73" count="0" type="stmt"/>
        <line num="74" count="0" type="stmt"/>
        <line num="76" count="0" type="stmt"/>
        <line num="81" count="5" type="stmt"/>
        <line num="83" count="2" type="stmt"/>
        <line num="84" count="2" type="stmt"/>
        <line num="85" count="2" type="stmt"/>
        <line num="86" count="2" type="stmt"/>
        <line num="87" count="2" type="stmt"/>
        <line num="88" count="2" type="stmt"/>
        <line num="89" count="2" type="stmt"/>
        <line num="95" count="2" type="stmt"/>
        <line num="96" count="2" type="stmt"/>
        <line num="97" count="2" type="stmt"/>
        <line num="98" count="2" type="stmt"/>
        <line num="99" count="2" type="stmt"/>
        <line num="101" count="0" type="stmt"/>
        <line num="102" count="0" type="stmt"/>
        <line num="136" count="5" type="stmt"/>
        <line num="137" count="0" type="stmt"/>
        <line num="138" count="0" type="stmt"/>
        <line num="143" count="5" type="stmt"/>
        <line num="144" count="2" type="stmt"/>
        <line num="145" count="2" type="stmt"/>
        <line num="146" count="2" type="stmt"/>
        <line num="147" count="1" type="cond" truecount="1" falsecount="1"/>
        <line num="148" count="0" type="stmt"/>
        <line num="150" count="1" type="stmt"/>
        <line num="155" count="1" type="stmt"/>
        <line num="161" count="5" type="stmt"/>
        <line num="163" count="1" type="stmt"/>
        <line num="164" count="1" type="stmt"/>
        <line num="165" count="1" type="stmt"/>
        <line num="168" count="1" type="stmt"/>
        <line num="169" count="1" type="stmt"/>
        <line num="171" count="1" type="stmt"/>
        <line num="172" count="1" type="stmt"/>
        <line num="173" count="1" type="stmt"/>
        <line num="175" count="0" type="stmt"/>
        <line num="181" count="5" type="stmt"/>
        <line num="182" count="1" type="stmt"/>
        <line num="183" count="1" type="stmt"/>
        <line num="184" count="1" type="stmt"/>
        <line num="185" count="0" type="stmt"/>
        <line num="186" count="0" type="stmt"/>
        <line num="187" count="0" type="cond" truecount="0" falsecount="2"/>
        <line num="188" count="0" type="stmt"/>
        <line num="189" count="0" type="stmt"/>
        <line num="190" count="0" type="stmt"/>
        <line num="192" count="0" type="stmt"/>
        <line num="196" count="0" type="stmt"/>
        <line num="198" count="0" type="stmt"/>
        <line num="199" count="0" type="stmt"/>
        <line num="201" count="0" type="stmt"/>
        <line num="206" count="0" type="stmt"/>
        <line num="209" count="1" type="stmt"/>
        <line num="214" count="5" type="stmt"/>
        <line num="215" count="2" type="stmt"/>
        <line num="216" count="2" type="stmt"/>
        <line num="217" count="2" type="stmt"/>
        <line num="218" count="1" type="stmt"/>
        <line num="219" count="1" type="stmt"/>
        <line num="221" count="1" type="stmt"/>
      </file>
      <file name="mesController.js" path="C:\Users\Andela\Documents\WEB DEVELOPMENT\ANDELA\NODEJS\test\src\controller\mesController.js">
        <metrics statements="17" coveredstatements="11" conditionals="0" coveredconditionals="0" methods="3" coveredmethods="2"/>
        <line num="10" count="5" type="stmt"/>
        <line num="11" count="5" type="stmt"/>
        <line num="14" count="5" type="stmt"/>
        <line num="15" count="1" type="stmt"/>
        <line num="16" count="1" type="stmt"/>
        <line num="19" count="1" type="stmt"/>
        <line num="20" count="0" type="stmt"/>
        <line num="24" count="5" type="stmt"/>
        <line num="25" count="1" type="stmt"/>
        <line num="26" count="1" type="stmt"/>
        <line num="27" count="1" type="stmt"/>
        <line num="32" count="5" type="stmt"/>
        <line num="33" count="0" type="stmt"/>
        <line num="34" count="0" type="stmt"/>
        <line num="35" count="0" type="stmt"/>
        <line num="36" count="0" type="stmt"/>
        <line num="38" count="0" type="stmt"/>
      </file>
      <file name="regController.js" path="C:\Users\Andela\Documents\WEB DEVELOPMENT\ANDELA\NODEJS\test\src\controller\regController.js">
        <metrics statements="36" coveredstatements="31" conditionals="8" coveredconditionals="6" methods="7" coveredmethods="6"/>
        <line num="8" count="5" type="stmt"/>
        <line num="9" count="5" type="stmt"/>
        <line num="12" count="5" type="stmt"/>
        <line num="13" count="4" type="stmt"/>
        <line num="15" count="4" type="stmt"/>
        <line num="16" count="4" type="cond" truecount="1" falsecount="1"/>
        <line num="17" count="0" type="stmt"/>
        <line num="19" count="4" type="stmt"/>
        <line num="25" count="4" type="stmt"/>
        <line num="27" count="4" type="cond" truecount="2" falsecount="0"/>
        <line num="28" count="3" type="stmt"/>
        <line num="30" count="1" type="stmt"/>
        <line num="31" count="1" type="stmt"/>
        <line num="40" count="5" type="stmt"/>
        <line num="41" count="22" type="stmt"/>
        <line num="42" count="22" type="stmt"/>
        <line num="46" count="5" type="stmt"/>
        <line num="47" count="21" type="stmt"/>
        <line num="48" count="21" type="cond" truecount="1" falsecount="1"/>
        <line num="49" count="0" type="stmt"/>
        <line num="53" count="21" type="stmt"/>
        <line num="54" count="21" type="stmt"/>
        <line num="61" count="21" type="stmt"/>
        <line num="63" count="21" type="cond" truecount="2" falsecount="0"/>
        <line num="64" count="17" type="stmt"/>
        <line num="66" count="4" type="stmt"/>
        <line num="67" count="4" type="stmt"/>
        <line num="77" count="5" type="stmt"/>
        <line num="78" count="0" type="stmt"/>
        <line num="79" count="0" type="stmt"/>
        <line num="83" count="5" type="stmt"/>
        <line num="84" count="1" type="stmt"/>
        <line num="85" count="1" type="stmt"/>
        <line num="86" count="1" type="stmt"/>
        <line num="87" count="1" type="stmt"/>
        <line num="89" count="0" type="stmt"/>
      </file>
    </package>
    <package name="src.middlewares">
      <metrics statements="56" coveredstatements="52" conditionals="22" coveredconditionals="18" methods="10" coveredmethods="10"/>
      <file name="articleMid.js" path="C:\Users\Andela\Documents\WEB DEVELOPMENT\ANDELA\NODEJS\test\src\middlewares\articleMid.js">
        <metrics statements="15" coveredstatements="14" conditionals="6" coveredconditionals="5" methods="3" coveredmethods="3"/>
        <line num="5" count="5" type="stmt"/>
        <line num="6" count="12" type="stmt"/>
        <line num="7" count="12" type="cond" truecount="2" falsecount="0"/>
        <line num="8" count="2" type="stmt"/>
        <line num="11" count="10" type="stmt"/>
        <line num="14" count="5" type="stmt"/>
        <line num="15" count="3" type="stmt"/>
        <line num="16" count="3" type="cond" truecount="2" falsecount="0"/>
        <line num="17" count="1" type="stmt"/>
        <line num="20" count="2" type="stmt"/>
        <line num="23" count="5" type="stmt"/>
        <line num="24" count="2" type="stmt"/>
        <line num="25" count="2" type="cond" truecount="1" falsecount="1"/>
        <line num="26" count="0" type="stmt"/>
        <line num="29" count="2" type="stmt"/>
      </file>
      <file name="autho.js" path="C:\Users\Andela\Documents\WEB DEVELOPMENT\ANDELA\NODEJS\test\src\middlewares\autho.js">
        <metrics statements="25" coveredstatements="23" conditionals="10" coveredconditionals="8" methods="4" coveredmethods="4"/>
        <line num="9" count="5" type="stmt"/>
        <line num="10" count="5" type="stmt"/>
        <line num="11" count="5" type="stmt"/>
        <line num="18" count="23" type="stmt"/>
        <line num="19" count="23" type="cond" truecount="2" falsecount="0"/>
        <line num="20" count="1" type="stmt"/>
        <line num="22" count="22" type="stmt"/>
        <line num="23" count="22" type="cond" truecount="1" falsecount="1"/>
        <line num="24" count="0" type="stmt"/>
        <line num="26" count="22" type="stmt"/>
        <line num="31" count="5" type="stmt"/>
        <line num="39" count="22" type="stmt"/>
        <line num="40" count="22" type="cond" truecount="1" falsecount="1"/>
        <line num="41" count="0" type="stmt"/>
        <line num="43" count="22" type="stmt"/>
        <line num="50" count="5" type="stmt"/>
        <line num="51" count="22" type="stmt"/>
        <line num="52" count="22" type="cond" truecount="2" falsecount="0"/>
        <line num="53" count="1" type="stmt"/>
        <line num="56" count="21" type="stmt"/>
        <line num="61" count="5" type="stmt"/>
        <line num="62" count="5" type="stmt"/>
        <line num="63" count="5" type="cond" truecount="2" falsecount="0"/>
        <line num="64" count="1" type="stmt"/>
        <line num="67" count="4" type="stmt"/>
      </file>
      <file name="checkUser.js" path="C:\Users\Andela\Documents\WEB DEVELOPMENT\ANDELA\NODEJS\test\src\middlewares\checkUser.js">
        <metrics statements="10" coveredstatements="9" conditionals="4" coveredconditionals="3" methods="2" coveredmethods="2"/>
        <line num="3" count="5" type="stmt"/>
        <line num="4" count="3" type="stmt"/>
        <line num="5" count="3" type="cond" truecount="1" falsecount="1"/>
        <line num="6" count="0" type="stmt"/>
        <line num="8" count="3" type="stmt"/>
        <line num="10" count="5" type="stmt"/>
        <line num="11" count="19" type="stmt"/>
        <line num="12" count="19" type="cond" truecount="2" falsecount="0"/>
        <line num="13" count="1" type="stmt"/>
        <line num="15" count="18" type="stmt"/>
      </file>
      <file name="messageMid.js" path="C:\Users\Andela\Documents\WEB DEVELOPMENT\ANDELA\NODEJS\test\src\middlewares\messageMid.js">
        <metrics statements="6" coveredstatements="6" conditionals="2" coveredconditionals="2" methods="1" coveredmethods="1"/>
        <line num="4" count="5" type="stmt"/>
        <line num="5" count="2" type="stmt"/>
        <line num="6" count="2" type="cond" truecount="2" falsecount="0"/>
        <line num="7" count="1" type="stmt"/>
        <line num="9" count="1" type="stmt"/>
        <line num="10" count="1" type="stmt"/>
      </file>
    </package>
    <package name="src.model">
      <metrics statements="15" coveredstatements="15" conditionals="0" coveredconditionals="0" methods="0" coveredmethods="0"/>
      <file name="articleMod.js" path="C:\Users\Andela\Documents\WEB DEVELOPMENT\ANDELA\NODEJS\test\src\model\articleMod.js">
        <metrics statements="7" coveredstatements="7" conditionals="0" coveredconditionals="0" methods="0" coveredmethods="0"/>
        <line num="4" count="5" type="stmt"/>
        <line num="6" count="5" type="stmt"/>
        <line num="33" count="5" type="stmt"/>
        <line num="37" count="5" type="stmt"/>
        <line num="55" count="5" type="stmt"/>
        <line num="61" count="5" type="stmt"/>
        <line num="73" count="5" type="stmt"/>
      </file>
      <file name="messageMod.js" path="C:\Users\Andela\Documents\WEB DEVELOPMENT\ANDELA\NODEJS\test\src\model\messageMod.js">
        <metrics statements="3" coveredstatements="3" conditionals="0" coveredconditionals="0" methods="0" coveredmethods="0"/>
        <line num="3" count="5" type="stmt"/>
        <line num="5" count="5" type="stmt"/>
        <line num="26" count="5" type="stmt"/>
      </file>
      <file name="registerMod.js" path="C:\Users\Andela\Documents\WEB DEVELOPMENT\ANDELA\NODEJS\test\src\model\registerMod.js">
        <metrics statements="5" coveredstatements="5" conditionals="0" coveredconditionals="0" methods="0" coveredmethods="0"/>
        <line num="2" count="5" type="stmt"/>
        <line num="4" count="5" type="stmt"/>
        <line num="23" count="5" type="stmt"/>
        <line num="49" count="5" type="stmt"/>
        <line num="50" count="5" type="stmt"/>
      </file>
    </package>
    <package name="src.routes">
      <metrics statements="6" coveredstatements="5" conditionals="0" coveredconditionals="0" methods="1" coveredmethods="0"/>
      <file name="routes.js" path="C:\Users\Andela\Documents\WEB DEVELOPMENT\ANDELA\NODEJS\test\src\routes\routes.js">
        <metrics statements="6" coveredstatements="5" conditionals="0" coveredconditionals="0" methods="1" coveredmethods="0"/>
        <line num="6" count="5" type="stmt"/>
        <line num="8" count="5" type="stmt"/>
        <line num="9" count="5" type="stmt"/>
        <line num="10" count="5" type="stmt"/>
        <line num="12" count="5" type="stmt"/>
        <line num="13" count="0" type="stmt"/>
      </file>
    </package>
    <package name="src.routes.api">
      <metrics statements="22" coveredstatements="22" conditionals="0" coveredconditionals="0" methods="0" coveredmethods="0"/>
      <file name="articleRoutes.js" path="C:\Users\Andela\Documents\WEB DEVELOPMENT\ANDELA\NODEJS\test\src\routes\api\articleRoutes.js">
        <metrics statements="12" coveredstatements="12" conditionals="0" coveredconditionals="0" methods="0" coveredmethods="0"/>
        <line num="7" count="5" type="stmt"/>
        <line num="10" count="5" type="stmt"/>
        <line num="12" count="5" type="stmt"/>
        <line num="14" count="5" type="stmt"/>
        <line num="16" count="5" type="stmt"/>
        <line num="18" count="5" type="stmt"/>
        <line num="22" count="5" type="stmt"/>
        <line num="24" count="5" type="stmt"/>
        <line num="26" count="5" type="stmt"/>
        <line num="28" count="5" type="stmt"/>
        <line num="32" count="5" type="stmt"/>
        <line num="34" count="5" type="stmt"/>
      </file>
      <file name="contactRoutes.js" path="C:\Users\Andela\Documents\WEB DEVELOPMENT\ANDELA\NODEJS\test\src\routes\api\contactRoutes.js">
        <metrics statements="4" coveredstatements="4" conditionals="0" coveredconditionals="0" methods="0" coveredmethods="0"/>
        <line num="8" count="5" type="stmt"/>
        <line num="11" count="5" type="stmt"/>
        <line num="13" count="5" type="stmt"/>
        <line num="15" count="5" type="stmt"/>
      </file>
      <file name="regRoutes.js" path="C:\Users\Andela\Documents\WEB DEVELOPMENT\ANDELA\NODEJS\test\src\routes\api\regRoutes.js">
        <metrics statements="6" coveredstatements="6" conditionals="0" coveredconditionals="0" methods="0" coveredmethods="0"/>
        <line num="7" count="5" type="stmt"/>
        <line num="10" count="5" type="stmt"/>
        <line num="12" count="5" type="stmt"/>
        <line num="15" count="5" type="stmt"/>
        <line num="17" count="5" type="stmt"/>
        <line num="20" count="5" type="stmt"/>
      </file>
    </package>
    <package name="src.utils">
      <metrics statements="1" coveredstatements="1" conditionals="0" coveredconditionals="0" methods="0" coveredmethods="0"/>
      <file name="forRoutes.js" path="C:\Users\Andela\Documents\WEB DEVELOPMENT\ANDELA\NODEJS\test\src\utils\forRoutes.js">
        <metrics statements="1" coveredstatements="1" conditionals="0" coveredconditionals="0" methods="0" coveredmethods="0"/>
        <line num="3" count="5" type="stmt"/>
      </file>
    </package>
    <package name="src.validater">
      <metrics statements="6" coveredstatements="6" conditionals="0" coveredconditionals="0" methods="0" coveredmethods="0"/>
      <file name="articleVal.js" path="C:\Users\Andela\Documents\WEB DEVELOPMENT\ANDELA\NODEJS\test\src\validater\articleVal.js">
        <metrics statements="3" coveredstatements="3" conditionals="0" coveredconditionals="0" methods="0" coveredmethods="0"/>
        <line num="4" count="5" type="stmt"/>
        <line num="10" count="5" type="stmt"/>
        <line num="17" count="5" type="stmt"/>
      </file>
      <file name="messageVal.js" path="C:\Users\Andela\Documents\WEB DEVELOPMENT\ANDELA\NODEJS\test\src\validater\messageVal.js">
        <metrics statements="1" coveredstatements="1" conditionals="0" coveredconditionals="0" methods="0" coveredmethods="0"/>
        <line num="3" count="5" type="stmt"/>
      </file>
      <file name="regValidate.js" path="C:\Users\Andela\Documents\WEB DEVELOPMENT\ANDELA\NODEJS\test\src\validater\regValidate.js">
        <metrics statements="2" coveredstatements="2" conditionals="0" coveredconditionals="0" methods="0" coveredmethods="0"/>
        <line num="4" count="5" type="stmt"/>
        <line num="10" count="5" type="stmt"/>
      </file>
    </package>
  </project>
</coverage>
