{"C:\\Users\\Andela\\Documents\\WEB DEVELOPMENT\\ANDELA\\NODEJS\\test\\src\\app.js": {"path":"C:\\Users\\Andela\\Documents\\WEB DEVELOPMENT\\ANDELA\\NODEJS\\test\\src\\app.js","statementMap":{"0":{"start":{"line":7,"column":12},"end":{"line":7,"column":21}},"1":{"start":{"line":9,"column":14},"end":{"line":9,"column":31}},"2":{"start":{"line":11,"column":0},"end":{"line":11,"column":24}},"3":{"start":{"line":12,"column":0},"end":{"line":12,"column":47}},"4":{"start":{"line":13,"column":0},"end":{"line":13,"column":15}},"5":{"start":{"line":14,"column":0},"end":{"line":14,"column":31}},"6":{"start":{"line":15,"column":0},"end":{"line":15,"column":20}},"7":{"start":{"line":17,"column":16},"end":{"line":25,"column":1}},"8":{"start":{"line":18,"column":4},"end":{"line":24,"column":5}},"9":{"start":{"line":19,"column":8},"end":{"line":19,"column":42}},"10":{"start":{"line":20,"column":8},"end":{"line":20,"column":96}},"11":{"start":{"line":21,"column":8},"end":{"line":21,"column":44}},"12":{"start":{"line":23,"column":8},"end":{"line":23,"column":26}},"13":{"start":{"line":26,"column":0},"end":{"line":26,"column":9}}},"fnMap":{"0":{"name":"(anonymous_0)","decl":{"start":{"line":17,"column":16},"end":{"line":17,"column":17}},"loc":{"start":{"line":17,"column":20},"end":{"line":25,"column":1}},"line":17}},"branchMap":{},"s":{"0":4,"1":4,"2":4,"3":4,"4":4,"5":4,"6":4,"7":4,"8":4,"9":4,"10":4,"11":4,"12":0,"13":4},"f":{"0":4},"b":{},"_coverageSchema":"1a1c01bbd47fc00a2c39e90264f33305004495a9","hash":"2107c1bc2a73ca1500e162d6ca86ca70e7b255bc"}
,"C:\\Users\\Andela\\Documents\\WEB DEVELOPMENT\\ANDELA\\NODEJS\\test\\src\\controller\\artController.js": {"path":"C:\\Users\\Andela\\Documents\\WEB DEVELOPMENT\\ANDELA\\NODEJS\\test\\src\\controller\\artController.js","statementMap":{"0":{"start":{"line":10,"column":18},"end":{"line":10,"column":40}},"1":{"start":{"line":11,"column":19},"end":{"line":11,"column":42}},"2":{"start":{"line":14,"column":15},"end":{"line":23,"column":1}},"3":{"start":{"line":15,"column":34},"end":{"line":15,"column":42}},"4":{"start":{"line":16,"column":24},"end":{"line":20,"column":10}},"5":{"start":{"line":21,"column":21},"end":{"line":21,"column":41}},"6":{"start":{"line":22,"column":8},"end":{"line":22,"column":34}},"7":{"start":{"line":30,"column":17},"end":{"line":33,"column":1}},"8":{"start":{"line":31,"column":23},"end":{"line":31,"column":61}},"9":{"start":{"line":32,"column":8},"end":{"line":32,"column":39}},"10":{"start":{"line":36,"column":20},"end":{"line":44,"column":1}},"11":{"start":{"line":37,"column":4},"end":{"line":43,"column":5}},"12":{"start":{"line":38,"column":19},"end":{"line":38,"column":32}},"13":{"start":{"line":39,"column":23},"end":{"line":39,"column":67}},"14":{"start":{"line":40,"column":8},"end":{"line":40,"column":39}},"15":{"start":{"line":42,"column":8},"end":{"line":42,"column":45}},"16":{"start":{"line":47,"column":19},"end":{"line":68,"column":1}},"17":{"start":{"line":48,"column":4},"end":{"line":66,"column":5}},"18":{"start":{"line":49,"column":19},"end":{"line":49,"column":32}},"19":{"start":{"line":50,"column":21},"end":{"line":50,"column":50}},"20":{"start":{"line":52,"column":8},"end":{"line":54,"column":9}},"21":{"start":{"line":53,"column":12},"end":{"line":53,"column":40}},"22":{"start":{"line":55,"column":8},"end":{"line":57,"column":9}},"23":{"start":{"line":56,"column":12},"end":{"line":56,"column":38}},"24":{"start":{"line":58,"column":8},"end":{"line":60,"column":9}},"25":{"start":{"line":59,"column":12},"end":{"line":59,"column":41}},"26":{"start":{"line":61,"column":8},"end":{"line":61,"column":25}},"27":{"start":{"line":62,"column":8},"end":{"line":62,"column":34}},"28":{"start":{"line":65,"column":8},"end":{"line":65,"column":59}},"29":{"start":{"line":70,"column":19},"end":{"line":78,"column":1}},"30":{"start":{"line":71,"column":4},"end":{"line":77,"column":5}},"31":{"start":{"line":72,"column":17},"end":{"line":72,"column":30}},"32":{"start":{"line":73,"column":8},"end":{"line":73,"column":40}},"33":{"start":{"line":74,"column":8},"end":{"line":74,"column":52}},"34":{"start":{"line":76,"column":8},"end":{"line":76,"column":60}},"35":{"start":{"line":81,"column":16},"end":{"line":104,"column":1}},"36":{"start":{"line":83,"column":4},"end":{"line":103,"column":5}},"37":{"start":{"line":84,"column":19},"end":{"line":84,"column":32}},"38":{"start":{"line":85,"column":19},"end":{"line":85,"column":60}},"39":{"start":{"line":86,"column":21},"end":{"line":86,"column":30}},"40":{"start":{"line":87,"column":22},"end":{"line":87,"column":32}},"41":{"start":{"line":88,"column":21},"end":{"line":88,"column":34}},"42":{"start":{"line":89,"column":24},"end":{"line":94,"column":10}},"43":{"start":{"line":95,"column":8},"end":{"line":95,"column":28}},"44":{"start":{"line":96,"column":30},"end":{"line":96,"column":74}},"45":{"start":{"line":97,"column":8},"end":{"line":97,"column":45}},"46":{"start":{"line":98,"column":8},"end":{"line":98,"column":28}},"47":{"start":{"line":99,"column":8},"end":{"line":99,"column":37}},"48":{"start":{"line":101,"column":8},"end":{"line":101,"column":24}},"49":{"start":{"line":102,"column":8},"end":{"line":102,"column":32}},"50":{"start":{"line":136,"column":16},"end":{"line":139,"column":1}},"51":{"start":{"line":137,"column":23},"end":{"line":137,"column":43}},"52":{"start":{"line":138,"column":8},"end":{"line":138,"column":36}},"53":{"start":{"line":143,"column":16},"end":{"line":157,"column":1}},"54":{"start":{"line":144,"column":4},"end":{"line":155,"column":5}},"55":{"start":{"line":145,"column":19},"end":{"line":145,"column":32}},"56":{"start":{"line":146,"column":27},"end":{"line":146,"column":71}},"57":{"start":{"line":147,"column":8},"end":{"line":151,"column":9}},"58":{"start":{"line":148,"column":12},"end":{"line":148,"column":54}},"59":{"start":{"line":150,"column":12},"end":{"line":150,"column":46}},"60":{"start":{"line":154,"column":8},"end":{"line":154,"column":55}},"61":{"start":{"line":160,"column":19},"end":{"line":176,"column":1}},"62":{"start":{"line":162,"column":4},"end":{"line":175,"column":5}},"63":{"start":{"line":163,"column":19},"end":{"line":163,"column":32}},"64":{"start":{"line":164,"column":28},"end":{"line":164,"column":51}},"65":{"start":{"line":167,"column":23},"end":{"line":167,"column":40}},"66":{"start":{"line":168,"column":27},"end":{"line":168,"column":96}},"67":{"start":{"line":168,"column":60},"end":{"line":168,"column":79}},"68":{"start":{"line":170,"column":8},"end":{"line":170,"column":51}},"69":{"start":{"line":171,"column":8},"end":{"line":171,"column":33}},"70":{"start":{"line":172,"column":8},"end":{"line":172,"column":47}},"71":{"start":{"line":174,"column":8},"end":{"line":174,"column":58}},"72":{"start":{"line":180,"column":13},"end":{"line":210,"column":1}},"73":{"start":{"line":181,"column":4},"end":{"line":209,"column":5}},"74":{"start":{"line":182,"column":19},"end":{"line":182,"column":32}},"75":{"start":{"line":183,"column":21},"end":{"line":183,"column":44}},"76":{"start":{"line":184,"column":21},"end":{"line":184,"column":63}},"77":{"start":{"line":185,"column":22},"end":{"line":185,"column":32}},"78":{"start":{"line":186,"column":8},"end":{"line":206,"column":9}},"79":{"start":{"line":187,"column":24},"end":{"line":187,"column":44}},"80":{"start":{"line":188,"column":25},"end":{"line":188,"column":43}},"81":{"start":{"line":189,"column":12},"end":{"line":189,"column":31}},"82":{"start":{"line":191,"column":12},"end":{"line":194,"column":14}},"83":{"start":{"line":195,"column":16},"end":{"line":195,"column":45}},"84":{"start":{"line":197,"column":24},"end":{"line":197,"column":44}},"85":{"start":{"line":198,"column":25},"end":{"line":198,"column":72}},"86":{"start":{"line":198,"column":59},"end":{"line":198,"column":71}},"87":{"start":{"line":200,"column":12},"end":{"line":203,"column":14}},"88":{"start":{"line":205,"column":12},"end":{"line":205,"column":48}},"89":{"start":{"line":208,"column":8},"end":{"line":208,"column":41}},"90":{"start":{"line":213,"column":16},"end":{"line":222,"column":1}},"91":{"start":{"line":214,"column":4},"end":{"line":221,"column":5}},"92":{"start":{"line":215,"column":19},"end":{"line":215,"column":32}},"93":{"start":{"line":216,"column":23},"end":{"line":216,"column":46}},"94":{"start":{"line":217,"column":23},"end":{"line":217,"column":37}},"95":{"start":{"line":218,"column":8},"end":{"line":218,"column":45}},"96":{"start":{"line":220,"column":8},"end":{"line":220,"column":46}}},"fnMap":{"0":{"name":"(anonymous_0)","decl":{"start":{"line":14,"column":15},"end":{"line":14,"column":16}},"loc":{"start":{"line":14,"column":32},"end":{"line":23,"column":1}},"line":14},"1":{"name":"(anonymous_1)","decl":{"start":{"line":30,"column":17},"end":{"line":30,"column":18}},"loc":{"start":{"line":30,"column":34},"end":{"line":33,"column":1}},"line":30},"2":{"name":"(anonymous_2)","decl":{"start":{"line":36,"column":20},"end":{"line":36,"column":21}},"loc":{"start":{"line":36,"column":37},"end":{"line":44,"column":1}},"line":36},"3":{"name":"(anonymous_3)","decl":{"start":{"line":47,"column":19},"end":{"line":47,"column":20}},"loc":{"start":{"line":47,"column":35},"end":{"line":68,"column":1}},"line":47},"4":{"name":"(anonymous_4)","decl":{"start":{"line":70,"column":19},"end":{"line":70,"column":20}},"loc":{"start":{"line":70,"column":35},"end":{"line":78,"column":1}},"line":70},"5":{"name":"(anonymous_5)","decl":{"start":{"line":81,"column":16},"end":{"line":81,"column":17}},"loc":{"start":{"line":81,"column":32},"end":{"line":104,"column":1}},"line":81},"6":{"name":"(anonymous_6)","decl":{"start":{"line":136,"column":16},"end":{"line":136,"column":17}},"loc":{"start":{"line":136,"column":32},"end":{"line":139,"column":1}},"line":136},"7":{"name":"(anonymous_7)","decl":{"start":{"line":143,"column":16},"end":{"line":143,"column":17}},"loc":{"start":{"line":143,"column":32},"end":{"line":157,"column":1}},"line":143},"8":{"name":"(anonymous_8)","decl":{"start":{"line":160,"column":19},"end":{"line":160,"column":20}},"loc":{"start":{"line":160,"column":35},"end":{"line":176,"column":1}},"line":160},"9":{"name":"(anonymous_9)","decl":{"start":{"line":168,"column":52},"end":{"line":168,"column":53}},"loc":{"start":{"line":168,"column":60},"end":{"line":168,"column":79}},"line":168},"10":{"name":"(anonymous_10)","decl":{"start":{"line":180,"column":13},"end":{"line":180,"column":14}},"loc":{"start":{"line":180,"column":29},"end":{"line":210,"column":1}},"line":180},"11":{"name":"(anonymous_11)","decl":{"start":{"line":198,"column":51},"end":{"line":198,"column":52}},"loc":{"start":{"line":198,"column":59},"end":{"line":198,"column":71}},"line":198},"12":{"name":"(anonymous_12)","decl":{"start":{"line":213,"column":16},"end":{"line":213,"column":17}},"loc":{"start":{"line":213,"column":32},"end":{"line":222,"column":1}},"line":213}},"branchMap":{"0":{"loc":{"start":{"line":52,"column":8},"end":{"line":54,"column":9}},"type":"if","locations":[{"start":{"line":52,"column":8},"end":{"line":54,"column":9}},{"start":{},"end":{}}],"line":52},"1":{"loc":{"start":{"line":55,"column":8},"end":{"line":57,"column":9}},"type":"if","locations":[{"start":{"line":55,"column":8},"end":{"line":57,"column":9}},{"start":{},"end":{}}],"line":55},"2":{"loc":{"start":{"line":58,"column":8},"end":{"line":60,"column":9}},"type":"if","locations":[{"start":{"line":58,"column":8},"end":{"line":60,"column":9}},{"start":{},"end":{}}],"line":58},"3":{"loc":{"start":{"line":147,"column":8},"end":{"line":151,"column":9}},"type":"if","locations":[{"start":{"line":147,"column":8},"end":{"line":151,"column":9}},{"start":{"line":149,"column":13},"end":{"line":151,"column":9}}],"line":147},"4":{"loc":{"start":{"line":186,"column":8},"end":{"line":206,"column":9}},"type":"if","locations":[{"start":{"line":186,"column":8},"end":{"line":206,"column":9}},{"start":{"line":196,"column":13},"end":{"line":206,"column":9}}],"line":186}},"s":{"0":4,"1":4,"2":4,"3":10,"4":10,"5":10,"6":10,"7":4,"8":1,"9":1,"10":4,"11":4,"12":4,"13":4,"14":0,"15":4,"16":4,"17":2,"18":2,"19":2,"20":1,"21":0,"22":1,"23":0,"24":1,"25":0,"26":1,"27":1,"28":1,"29":4,"30":2,"31":2,"32":2,"33":1,"34":1,"35":4,"36":2,"37":2,"38":2,"39":2,"40":2,"41":2,"42":2,"43":2,"44":2,"45":2,"46":2,"47":2,"48":0,"49":0,"50":4,"51":0,"52":0,"53":4,"54":2,"55":2,"56":2,"57":1,"58":0,"59":1,"60":1,"61":4,"62":1,"63":1,"64":1,"65":1,"66":1,"67":1,"68":1,"69":1,"70":1,"71":0,"72":4,"73":1,"74":1,"75":1,"76":0,"77":0,"78":0,"79":0,"80":0,"81":0,"82":0,"83":0,"84":0,"85":0,"86":0,"87":0,"88":0,"89":1,"90":4,"91":2,"92":2,"93":2,"94":1,"95":1,"96":1},"f":{"0":10,"1":1,"2":4,"3":2,"4":2,"5":2,"6":0,"7":2,"8":1,"9":1,"10":1,"11":0,"12":2},"b":{"0":[0,1],"1":[0,1],"2":[0,1],"3":[0,1],"4":[0,0]},"_coverageSchema":"1a1c01bbd47fc00a2c39e90264f33305004495a9","hash":"21392f42b56f6314a4a9cbc0d452b9fa268c50fd"}
,"C:\\Users\\Andela\\Documents\\WEB DEVELOPMENT\\ANDELA\\NODEJS\\test\\src\\controller\\mesController.js": {"path":"C:\\Users\\Andela\\Documents\\WEB DEVELOPMENT\\ANDELA\\NODEJS\\test\\src\\controller\\mesController.js","statementMap":{"0":{"start":{"line":10,"column":18},"end":{"line":10,"column":40}},"1":{"start":{"line":11,"column":19},"end":{"line":11,"column":42}},"2":{"start":{"line":14,"column":21},"end":{"line":21,"column":1}},"3":{"start":{"line":15,"column":37},"end":{"line":15,"column":45}},"4":{"start":{"line":16,"column":27},"end":{"line":18,"column":10}},"5":{"start":{"line":19,"column":23},"end":{"line":19,"column":46}},"6":{"start":{"line":20,"column":8},"end":{"line":20,"column":37}},"7":{"start":{"line":24,"column":17},"end":{"line":29,"column":1}},"8":{"start":{"line":25,"column":25},"end":{"line":25,"column":45}},"9":{"start":{"line":26,"column":8},"end":{"line":26,"column":24}},"10":{"start":{"line":27,"column":8},"end":{"line":27,"column":28}},"11":{"start":{"line":32,"column":18},"end":{"line":40,"column":1}},"12":{"start":{"line":33,"column":8},"end":{"line":39,"column":9}},"13":{"start":{"line":34,"column":27},"end":{"line":34,"column":40}},"14":{"start":{"line":35,"column":16},"end":{"line":35,"column":51}},"15":{"start":{"line":36,"column":16},"end":{"line":36,"column":55}},"16":{"start":{"line":38,"column":16},"end":{"line":38,"column":59}}},"fnMap":{"0":{"name":"(anonymous_0)","decl":{"start":{"line":14,"column":21},"end":{"line":14,"column":22}},"loc":{"start":{"line":14,"column":38},"end":{"line":21,"column":1}},"line":14},"1":{"name":"(anonymous_1)","decl":{"start":{"line":24,"column":17},"end":{"line":24,"column":18}},"loc":{"start":{"line":24,"column":34},"end":{"line":29,"column":1}},"line":24},"2":{"name":"(anonymous_2)","decl":{"start":{"line":32,"column":18},"end":{"line":32,"column":19}},"loc":{"start":{"line":32,"column":34},"end":{"line":40,"column":1}},"line":32}},"branchMap":{},"s":{"0":4,"1":4,"2":4,"3":1,"4":1,"5":1,"6":0,"7":4,"8":0,"9":0,"10":0,"11":4,"12":0,"13":0,"14":0,"15":0,"16":0},"f":{"0":1,"1":0,"2":0},"b":{},"_coverageSchema":"1a1c01bbd47fc00a2c39e90264f33305004495a9","hash":"92c1480f10d20d7b4499b8e41bbe427db12daf37"}
,"C:\\Users\\Andela\\Documents\\WEB DEVELOPMENT\\ANDELA\\NODEJS\\test\\src\\controller\\regController.js": {"path":"C:\\Users\\Andela\\Documents\\WEB DEVELOPMENT\\ANDELA\\NODEJS\\test\\src\\controller\\regController.js","statementMap":{"0":{"start":{"line":8,"column":18},"end":{"line":8,"column":40}},"1":{"start":{"line":9,"column":19},"end":{"line":9,"column":42}},"2":{"start":{"line":12,"column":25},"end":{"line":37,"column":1}},"3":{"start":{"line":13,"column":34},"end":{"line":13,"column":42}},"4":{"start":{"line":15,"column":4},"end":{"line":34,"column":6}},"5":{"start":{"line":16,"column":8},"end":{"line":33,"column":9}},"6":{"start":{"line":17,"column":12},"end":{"line":17,"column":25}},"7":{"start":{"line":19,"column":30},"end":{"line":23,"column":14}},"8":{"start":{"line":25,"column":31},"end":{"line":25,"column":76}},"9":{"start":{"line":27,"column":12},"end":{"line":32,"column":13}},"10":{"start":{"line":28,"column":16},"end":{"line":28,"column":53}},"11":{"start":{"line":30,"column":16},"end":{"line":30,"column":38}},"12":{"start":{"line":31,"column":16},"end":{"line":31,"column":55}},"13":{"start":{"line":40,"column":18},"end":{"line":43,"column":1}},"14":{"start":{"line":41,"column":16},"end":{"line":41,"column":57}},"15":{"start":{"line":42,"column":4},"end":{"line":42,"column":31}},"16":{"start":{"line":46,"column":18},"end":{"line":72,"column":1}},"17":{"start":{"line":47,"column":4},"end":{"line":70,"column":6}},"18":{"start":{"line":48,"column":8},"end":{"line":52,"column":9}},"19":{"start":{"line":49,"column":12},"end":{"line":51,"column":14}},"20":{"start":{"line":53,"column":38},"end":{"line":53,"column":46}},"21":{"start":{"line":54,"column":26},"end":{"line":59,"column":10}},"22":{"start":{"line":61,"column":27},"end":{"line":61,"column":72}},"23":{"start":{"line":63,"column":8},"end":{"line":68,"column":9}},"24":{"start":{"line":64,"column":12},"end":{"line":64,"column":49}},"25":{"start":{"line":66,"column":12},"end":{"line":66,"column":28}},"26":{"start":{"line":67,"column":12},"end":{"line":67,"column":39}},"27":{"start":{"line":77,"column":17},"end":{"line":80,"column":1}},"28":{"start":{"line":78,"column":19},"end":{"line":78,"column":53}},"29":{"start":{"line":79,"column":4},"end":{"line":79,"column":33}},"30":{"start":{"line":83,"column":19},"end":{"line":91,"column":1}},"31":{"start":{"line":84,"column":4},"end":{"line":90,"column":5}},"32":{"start":{"line":85,"column":19},"end":{"line":85,"column":32}},"33":{"start":{"line":86,"column":8},"end":{"line":86,"column":42}},"34":{"start":{"line":87,"column":8},"end":{"line":87,"column":52}},"35":{"start":{"line":89,"column":8},"end":{"line":89,"column":56}}},"fnMap":{"0":{"name":"(anonymous_0)","decl":{"start":{"line":12,"column":25},"end":{"line":12,"column":26}},"loc":{"start":{"line":12,"column":36},"end":{"line":37,"column":1}},"line":12},"1":{"name":"(anonymous_1)","decl":{"start":{"line":15,"column":29},"end":{"line":15,"column":30}},"loc":{"start":{"line":15,"column":50},"end":{"line":34,"column":5}},"line":15},"2":{"name":"(anonymous_2)","decl":{"start":{"line":40,"column":18},"end":{"line":40,"column":19}},"loc":{"start":{"line":40,"column":34},"end":{"line":43,"column":1}},"line":40},"3":{"name":"(anonymous_3)","decl":{"start":{"line":46,"column":18},"end":{"line":46,"column":19}},"loc":{"start":{"line":46,"column":34},"end":{"line":72,"column":1}},"line":46},"4":{"name":"(anonymous_4)","decl":{"start":{"line":47,"column":39},"end":{"line":47,"column":40}},"loc":{"start":{"line":47,"column":64},"end":{"line":70,"column":5}},"line":47},"5":{"name":"(anonymous_5)","decl":{"start":{"line":77,"column":17},"end":{"line":77,"column":18}},"loc":{"start":{"line":77,"column":33},"end":{"line":80,"column":1}},"line":77},"6":{"name":"(anonymous_6)","decl":{"start":{"line":83,"column":19},"end":{"line":83,"column":20}},"loc":{"start":{"line":83,"column":35},"end":{"line":91,"column":1}},"line":83}},"branchMap":{"0":{"loc":{"start":{"line":16,"column":8},"end":{"line":33,"column":9}},"type":"if","locations":[{"start":{"line":16,"column":8},"end":{"line":33,"column":9}},{"start":{"line":18,"column":13},"end":{"line":33,"column":9}}],"line":16},"1":{"loc":{"start":{"line":27,"column":12},"end":{"line":32,"column":13}},"type":"if","locations":[{"start":{"line":27,"column":12},"end":{"line":32,"column":13}},{"start":{"line":29,"column":17},"end":{"line":32,"column":13}}],"line":27},"2":{"loc":{"start":{"line":48,"column":8},"end":{"line":52,"column":9}},"type":"if","locations":[{"start":{"line":48,"column":8},"end":{"line":52,"column":9}},{"start":{},"end":{}}],"line":48},"3":{"loc":{"start":{"line":63,"column":8},"end":{"line":68,"column":9}},"type":"if","locations":[{"start":{"line":63,"column":8},"end":{"line":68,"column":9}},{"start":{"line":65,"column":13},"end":{"line":68,"column":9}}],"line":63}},"s":{"0":4,"1":4,"2":4,"3":5,"4":5,"5":5,"6":0,"7":5,"8":5,"9":3,"10":3,"11":0,"12":0,"13":4,"14":21,"15":21,"16":4,"17":24,"18":24,"19":0,"20":24,"21":24,"22":24,"23":18,"24":18,"25":0,"26":0,"27":4,"28":0,"29":0,"30":4,"31":0,"32":0,"33":0,"34":0,"35":0},"f":{"0":5,"1":5,"2":21,"3":24,"4":24,"5":0,"6":0},"b":{"0":[0,5],"1":[3,0],"2":[0,24],"3":[18,0]},"_coverageSchema":"1a1c01bbd47fc00a2c39e90264f33305004495a9","hash":"2511ebcad11d498c8d6143be922dc0be2eedfd7f"}
,"C:\\Users\\Andela\\Documents\\WEB DEVELOPMENT\\ANDELA\\NODEJS\\test\\src\\middlewares\\articleMid.js": {"path":"C:\\Users\\Andela\\Documents\\WEB DEVELOPMENT\\ANDELA\\NODEJS\\test\\src\\middlewares\\articleMid.js","statementMap":{"0":{"start":{"line":5,"column":16},"end":{"line":12,"column":1}},"1":{"start":{"line":6,"column":28},"end":{"line":6,"column":83}},"2":{"start":{"line":7,"column":4},"end":{"line":9,"column":5}},"3":{"start":{"line":8,"column":8},"end":{"line":8,"column":61}},"4":{"start":{"line":11,"column":4},"end":{"line":11,"column":11}},"5":{"start":{"line":14,"column":18},"end":{"line":21,"column":1}},"6":{"start":{"line":15,"column":28},"end":{"line":15,"column":79}},"7":{"start":{"line":16,"column":4},"end":{"line":18,"column":5}},"8":{"start":{"line":17,"column":8},"end":{"line":17,"column":61}},"9":{"start":{"line":20,"column":4},"end":{"line":20,"column":11}},"10":{"start":{"line":23,"column":16},"end":{"line":30,"column":1}},"11":{"start":{"line":24,"column":28},"end":{"line":24,"column":79}},"12":{"start":{"line":25,"column":4},"end":{"line":27,"column":5}},"13":{"start":{"line":26,"column":8},"end":{"line":26,"column":61}},"14":{"start":{"line":29,"column":4},"end":{"line":29,"column":11}}},"fnMap":{"0":{"name":"(anonymous_0)","decl":{"start":{"line":5,"column":16},"end":{"line":5,"column":17}},"loc":{"start":{"line":5,"column":38},"end":{"line":12,"column":1}},"line":5},"1":{"name":"(anonymous_1)","decl":{"start":{"line":14,"column":18},"end":{"line":14,"column":19}},"loc":{"start":{"line":14,"column":40},"end":{"line":21,"column":1}},"line":14},"2":{"name":"(anonymous_2)","decl":{"start":{"line":23,"column":16},"end":{"line":23,"column":17}},"loc":{"start":{"line":23,"column":38},"end":{"line":30,"column":1}},"line":23}},"branchMap":{"0":{"loc":{"start":{"line":7,"column":4},"end":{"line":9,"column":5}},"type":"if","locations":[{"start":{"line":7,"column":4},"end":{"line":9,"column":5}},{"start":{},"end":{}}],"line":7},"1":{"loc":{"start":{"line":16,"column":4},"end":{"line":18,"column":5}},"type":"if","locations":[{"start":{"line":16,"column":4},"end":{"line":18,"column":5}},{"start":{},"end":{}}],"line":16},"2":{"loc":{"start":{"line":25,"column":4},"end":{"line":27,"column":5}},"type":"if","locations":[{"start":{"line":25,"column":4},"end":{"line":27,"column":5}},{"start":{},"end":{}}],"line":25}},"s":{"0":4,"1":12,"2":12,"3":2,"4":10,"5":4,"6":3,"7":3,"8":1,"9":2,"10":4,"11":2,"12":2,"13":0,"14":2},"f":{"0":12,"1":3,"2":2},"b":{"0":[2,10],"1":[1,2],"2":[0,2]},"_coverageSchema":"1a1c01bbd47fc00a2c39e90264f33305004495a9","hash":"62392b16a3c6cdc423cbbe1ec3c69ac1a6eca099"}
,"C:\\Users\\Andela\\Documents\\WEB DEVELOPMENT\\ANDELA\\NODEJS\\test\\src\\middlewares\\autho.js": {"path":"C:\\Users\\Andela\\Documents\\WEB DEVELOPMENT\\ANDELA\\NODEJS\\test\\src\\middlewares\\autho.js","statementMap":{"0":{"start":{"line":9,"column":18},"end":{"line":9,"column":40}},"1":{"start":{"line":10,"column":19},"end":{"line":10,"column":42}},"2":{"start":{"line":11,"column":0},"end":{"line":29,"column":4}},"3":{"start":{"line":18,"column":21},"end":{"line":18,"column":52}},"4":{"start":{"line":19,"column":8},"end":{"line":21,"column":9}},"5":{"start":{"line":20,"column":10},"end":{"line":20,"column":66}},"6":{"start":{"line":22,"column":24},"end":{"line":22,"column":69}},"7":{"start":{"line":23,"column":8},"end":{"line":25,"column":9}},"8":{"start":{"line":24,"column":10},"end":{"line":24,"column":79}},"9":{"start":{"line":26,"column":8},"end":{"line":26,"column":32}},"10":{"start":{"line":31,"column":2},"end":{"line":46,"column":6}},"11":{"start":{"line":39,"column":23},"end":{"line":39,"column":59}},"12":{"start":{"line":40,"column":10},"end":{"line":42,"column":11}},"13":{"start":{"line":41,"column":12},"end":{"line":41,"column":68}},"14":{"start":{"line":43,"column":10},"end":{"line":43,"column":34}},"15":{"start":{"line":50,"column":17},"end":{"line":57,"column":1}},"16":{"start":{"line":51,"column":27},"end":{"line":51,"column":73}},"17":{"start":{"line":52,"column":4},"end":{"line":54,"column":5}},"18":{"start":{"line":53,"column":8},"end":{"line":53,"column":61}},"19":{"start":{"line":56,"column":4},"end":{"line":56,"column":11}},"20":{"start":{"line":61,"column":16},"end":{"line":68,"column":1}},"21":{"start":{"line":62,"column":27},"end":{"line":62,"column":77}},"22":{"start":{"line":63,"column":4},"end":{"line":65,"column":5}},"23":{"start":{"line":64,"column":8},"end":{"line":64,"column":61}},"24":{"start":{"line":67,"column":4},"end":{"line":67,"column":11}}},"fnMap":{"0":{"name":"(anonymous_0)","decl":{"start":{"line":17,"column":6},"end":{"line":17,"column":7}},"loc":{"start":{"line":17,"column":39},"end":{"line":27,"column":5}},"line":17},"1":{"name":"(anonymous_1)","decl":{"start":{"line":38,"column":8},"end":{"line":38,"column":9}},"loc":{"start":{"line":38,"column":36},"end":{"line":44,"column":9}},"line":38},"2":{"name":"(anonymous_2)","decl":{"start":{"line":50,"column":17},"end":{"line":50,"column":18}},"loc":{"start":{"line":50,"column":38},"end":{"line":57,"column":1}},"line":50},"3":{"name":"(anonymous_3)","decl":{"start":{"line":61,"column":16},"end":{"line":61,"column":17}},"loc":{"start":{"line":61,"column":37},"end":{"line":68,"column":1}},"line":61}},"branchMap":{"0":{"loc":{"start":{"line":19,"column":8},"end":{"line":21,"column":9}},"type":"if","locations":[{"start":{"line":19,"column":8},"end":{"line":21,"column":9}},{"start":{},"end":{}}],"line":19},"1":{"loc":{"start":{"line":23,"column":8},"end":{"line":25,"column":9}},"type":"if","locations":[{"start":{"line":23,"column":8},"end":{"line":25,"column":9}},{"start":{},"end":{}}],"line":23},"2":{"loc":{"start":{"line":40,"column":10},"end":{"line":42,"column":11}},"type":"if","locations":[{"start":{"line":40,"column":10},"end":{"line":42,"column":11}},{"start":{},"end":{}}],"line":40},"3":{"loc":{"start":{"line":52,"column":4},"end":{"line":54,"column":5}},"type":"if","locations":[{"start":{"line":52,"column":4},"end":{"line":54,"column":5}},{"start":{},"end":{}}],"line":52},"4":{"loc":{"start":{"line":63,"column":4},"end":{"line":65,"column":5}},"type":"if","locations":[{"start":{"line":63,"column":4},"end":{"line":65,"column":5}},{"start":{},"end":{}}],"line":63}},"s":{"0":4,"1":4,"2":4,"3":21,"4":21,"5":0,"6":21,"7":21,"8":0,"9":21,"10":4,"11":21,"12":21,"13":0,"14":21,"15":4,"16":24,"17":24,"18":0,"19":24,"20":4,"21":5,"22":5,"23":0,"24":5},"f":{"0":21,"1":21,"2":24,"3":5},"b":{"0":[0,21],"1":[0,21],"2":[0,21],"3":[0,24],"4":[0,5]},"_coverageSchema":"1a1c01bbd47fc00a2c39e90264f33305004495a9","hash":"101ed1fefd4a6299a7f87f636d367719f3a2c4c7"}
,"C:\\Users\\Andela\\Documents\\WEB DEVELOPMENT\\ANDELA\\NODEJS\\test\\src\\middlewares\\checkUser.js": {"path":"C:\\Users\\Andela\\Documents\\WEB DEVELOPMENT\\ANDELA\\NODEJS\\test\\src\\middlewares\\checkUser.js","statementMap":{"0":{"start":{"line":3,"column":21},"end":{"line":9,"column":1}},"1":{"start":{"line":4,"column":21},"end":{"line":4,"column":76}},"2":{"start":{"line":5,"column":8},"end":{"line":7,"column":9}},"3":{"start":{"line":6,"column":12},"end":{"line":6,"column":61}},"4":{"start":{"line":8,"column":8},"end":{"line":8,"column":15}},"5":{"start":{"line":10,"column":22},"end":{"line":16,"column":1}},"6":{"start":{"line":11,"column":21},"end":{"line":11,"column":76}},"7":{"start":{"line":12,"column":8},"end":{"line":14,"column":9}},"8":{"start":{"line":13,"column":12},"end":{"line":13,"column":62}},"9":{"start":{"line":15,"column":8},"end":{"line":15,"column":15}}},"fnMap":{"0":{"name":"(anonymous_0)","decl":{"start":{"line":3,"column":21},"end":{"line":3,"column":22}},"loc":{"start":{"line":3,"column":42},"end":{"line":9,"column":1}},"line":3},"1":{"name":"(anonymous_1)","decl":{"start":{"line":10,"column":22},"end":{"line":10,"column":23}},"loc":{"start":{"line":10,"column":43},"end":{"line":16,"column":1}},"line":10}},"branchMap":{"0":{"loc":{"start":{"line":5,"column":8},"end":{"line":7,"column":9}},"type":"if","locations":[{"start":{"line":5,"column":8},"end":{"line":7,"column":9}},{"start":{},"end":{}}],"line":5},"1":{"loc":{"start":{"line":12,"column":8},"end":{"line":14,"column":9}},"type":"if","locations":[{"start":{"line":12,"column":8},"end":{"line":14,"column":9}},{"start":{},"end":{}}],"line":12}},"s":{"0":4,"1":3,"2":3,"3":0,"4":3,"5":4,"6":18,"7":18,"8":0,"9":18},"f":{"0":3,"1":18},"b":{"0":[0,3],"1":[0,18]},"_coverageSchema":"1a1c01bbd47fc00a2c39e90264f33305004495a9","hash":"9d5a6b92c1782545b4715099f84e21ac2a798f52"}
,"C:\\Users\\Andela\\Documents\\WEB DEVELOPMENT\\ANDELA\\NODEJS\\test\\src\\middlewares\\messageMid.js": {"path":"C:\\Users\\Andela\\Documents\\WEB DEVELOPMENT\\ANDELA\\NODEJS\\test\\src\\middlewares\\messageMid.js","statementMap":{"0":{"start":{"line":4,"column":16},"end":{"line":11,"column":1}},"1":{"start":{"line":5,"column":28},"end":{"line":5,"column":80}},"2":{"start":{"line":6,"column":4},"end":{"line":8,"column":5}},"3":{"start":{"line":7,"column":8},"end":{"line":7,"column":61}},"4":{"start":{"line":9,"column":4},"end":{"line":9,"column":24}},"5":{"start":{"line":10,"column":4},"end":{"line":10,"column":11}}},"fnMap":{"0":{"name":"(anonymous_0)","decl":{"start":{"line":4,"column":16},"end":{"line":4,"column":17}},"loc":{"start":{"line":4,"column":38},"end":{"line":11,"column":1}},"line":4}},"branchMap":{"0":{"loc":{"start":{"line":6,"column":4},"end":{"line":8,"column":5}},"type":"if","locations":[{"start":{"line":6,"column":4},"end":{"line":8,"column":5}},{"start":{},"end":{}}],"line":6}},"s":{"0":4,"1":2,"2":2,"3":1,"4":1,"5":1},"f":{"0":2},"b":{"0":[1,1]},"_coverageSchema":"1a1c01bbd47fc00a2c39e90264f33305004495a9","hash":"2e0615f538b35c8b9a67bc1e6beb6271e6b50afe"}
,"C:\\Users\\Andela\\Documents\\WEB DEVELOPMENT\\ANDELA\\NODEJS\\test\\src\\model\\articleMod.js": {"path":"C:\\Users\\Andela\\Documents\\WEB DEVELOPMENT\\ANDELA\\NODEJS\\test\\src\\model\\articleMod.js","statementMap":{"0":{"start":{"line":3,"column":16},"end":{"line":3,"column":31}},"1":{"start":{"line":5,"column":19},"end":{"line":27,"column":2}},"2":{"start":{"line":29,"column":13},"end":{"line":29,"column":46}},"3":{"start":{"line":33,"column":21},"end":{"line":50,"column":2}},"4":{"start":{"line":51,"column":16},"end":{"line":51,"column":55}},"5":{"start":{"line":57,"column":19},"end":{"line":67,"column":20}},"6":{"start":{"line":69,"column":13},"end":{"line":69,"column":47}}},"fnMap":{},"branchMap":{},"s":{"0":4,"1":4,"2":4,"3":4,"4":4,"5":4,"6":4},"f":{},"b":{},"_coverageSchema":"1a1c01bbd47fc00a2c39e90264f33305004495a9","hash":"ec577030e55af181e41ac258009d37989c13e7cc"}
,"C:\\Users\\Andela\\Documents\\WEB DEVELOPMENT\\ANDELA\\NODEJS\\test\\src\\model\\messageMod.js": {"path":"C:\\Users\\Andela\\Documents\\WEB DEVELOPMENT\\ANDELA\\NODEJS\\test\\src\\model\\messageMod.js","statementMap":{"0":{"start":{"line":3,"column":15},"end":{"line":3,"column":30}},"1":{"start":{"line":5,"column":22},"end":{"line":18,"column":2}},"2":{"start":{"line":26,"column":16},"end":{"line":26,"column":55}}},"fnMap":{},"branchMap":{},"s":{"0":4,"1":4,"2":4},"f":{},"b":{},"_coverageSchema":"1a1c01bbd47fc00a2c39e90264f33305004495a9","hash":"04304636dbd44fdef7bffeb670e4fe3b6360a382"}
,"C:\\Users\\Andela\\Documents\\WEB DEVELOPMENT\\ANDELA\\NODEJS\\test\\src\\model\\registerMod.js": {"path":"C:\\Users\\Andela\\Documents\\WEB DEVELOPMENT\\ANDELA\\NODEJS\\test\\src\\model\\registerMod.js","statementMap":{"0":{"start":{"line":2,"column":16},"end":{"line":2,"column":31}},"1":{"start":{"line":4,"column":22},"end":{"line":18,"column":2}},"2":{"start":{"line":23,"column":18},"end":{"line":41,"column":2}},"3":{"start":{"line":49,"column":15},"end":{"line":49,"column":49}},"4":{"start":{"line":50,"column":16},"end":{"line":50,"column":55}}},"fnMap":{},"branchMap":{},"s":{"0":4,"1":4,"2":4,"3":4,"4":4},"f":{},"b":{},"_coverageSchema":"1a1c01bbd47fc00a2c39e90264f33305004495a9","hash":"93b1f7d3437657b2206e6f0c301afcfe6b515588"}
,"C:\\Users\\Andela\\Documents\\WEB DEVELOPMENT\\ANDELA\\NODEJS\\test\\src\\routes\\routes.js": {"path":"C:\\Users\\Andela\\Documents\\WEB DEVELOPMENT\\ANDELA\\NODEJS\\test\\src\\routes\\routes.js","statementMap":{"0":{"start":{"line":6,"column":15},"end":{"line":6,"column":31}},"1":{"start":{"line":8,"column":0},"end":{"line":8,"column":29}},"2":{"start":{"line":9,"column":0},"end":{"line":9,"column":32}},"3":{"start":{"line":10,"column":0},"end":{"line":10,"column":28}},"4":{"start":{"line":12,"column":0},"end":{"line":14,"column":2}},"5":{"start":{"line":13,"column":4},"end":{"line":13,"column":42}}},"fnMap":{"0":{"name":"(anonymous_0)","decl":{"start":{"line":12,"column":15},"end":{"line":12,"column":16}},"loc":{"start":{"line":12,"column":26},"end":{"line":14,"column":1}},"line":12}},"branchMap":{},"s":{"0":4,"1":4,"2":4,"3":4,"4":4,"5":0},"f":{"0":0},"b":{},"_coverageSchema":"1a1c01bbd47fc00a2c39e90264f33305004495a9","hash":"8dc406be9b27e3b18dafa30527fe3e13ade30872"}
,"C:\\Users\\Andela\\Documents\\WEB DEVELOPMENT\\ANDELA\\NODEJS\\test\\src\\routes\\api\\articleRoutes.js": {"path":"C:\\Users\\Andela\\Documents\\WEB DEVELOPMENT\\ANDELA\\NODEJS\\test\\src\\routes\\api\\articleRoutes.js","statementMap":{"0":{"start":{"line":7,"column":16},"end":{"line":7,"column":32}},"1":{"start":{"line":10,"column":0},"end":{"line":10,"column":27}},"2":{"start":{"line":12,"column":0},"end":{"line":12,"column":33}},"3":{"start":{"line":14,"column":0},"end":{"line":14,"column":95}},"4":{"start":{"line":16,"column":0},"end":{"line":16,"column":111}},"5":{"start":{"line":18,"column":0},"end":{"line":18,"column":94}},"6":{"start":{"line":22,"column":0},"end":{"line":22,"column":103}},"7":{"start":{"line":24,"column":0},"end":{"line":24,"column":36}},"8":{"start":{"line":26,"column":0},"end":{"line":26,"column":93}},"9":{"start":{"line":28,"column":0},"end":{"line":28,"column":110}},"10":{"start":{"line":32,"column":0},"end":{"line":32,"column":89}},"11":{"start":{"line":34,"column":0},"end":{"line":34,"column":33}}},"fnMap":{},"branchMap":{},"s":{"0":4,"1":4,"2":4,"3":4,"4":4,"5":4,"6":4,"7":4,"8":4,"9":4,"10":4,"11":4},"f":{},"b":{},"_coverageSchema":"1a1c01bbd47fc00a2c39e90264f33305004495a9","hash":"cf07c658926c461a434838293afd4aa060205956"}
,"C:\\Users\\Andela\\Documents\\WEB DEVELOPMENT\\ANDELA\\NODEJS\\test\\src\\routes\\api\\contactRoutes.js": {"path":"C:\\Users\\Andela\\Documents\\WEB DEVELOPMENT\\ANDELA\\NODEJS\\test\\src\\routes\\api\\contactRoutes.js","statementMap":{"0":{"start":{"line":8,"column":16},"end":{"line":8,"column":32}},"1":{"start":{"line":11,"column":0},"end":{"line":11,"column":39}},"2":{"start":{"line":13,"column":0},"end":{"line":13,"column":52}},"3":{"start":{"line":15,"column":0},"end":{"line":15,"column":93}}},"fnMap":{},"branchMap":{},"s":{"0":4,"1":4,"2":4,"3":4},"f":{},"b":{},"_coverageSchema":"1a1c01bbd47fc00a2c39e90264f33305004495a9","hash":"c0ca4b835c554765d9eb1007d8858d3359a3eea7"}
,"C:\\Users\\Andela\\Documents\\WEB DEVELOPMENT\\ANDELA\\NODEJS\\test\\src\\routes\\api\\regRoutes.js": {"path":"C:\\Users\\Andela\\Documents\\WEB DEVELOPMENT\\ANDELA\\NODEJS\\test\\src\\routes\\api\\regRoutes.js","statementMap":{"0":{"start":{"line":7,"column":16},"end":{"line":7,"column":32}},"1":{"start":{"line":10,"column":0},"end":{"line":10,"column":49}},"2":{"start":{"line":12,"column":0},"end":{"line":12,"column":80}},"3":{"start":{"line":15,"column":0},"end":{"line":15,"column":48}},"4":{"start":{"line":17,"column":0},"end":{"line":17,"column":86}},"5":{"start":{"line":20,"column":0},"end":{"line":20,"column":94}}},"fnMap":{},"branchMap":{},"s":{"0":4,"1":4,"2":4,"3":4,"4":4,"5":4},"f":{},"b":{},"_coverageSchema":"1a1c01bbd47fc00a2c39e90264f33305004495a9","hash":"b6be81adae89ed960840ff4efbd2040eea6dbc24"}
,"C:\\Users\\Andela\\Documents\\WEB DEVELOPMENT\\ANDELA\\NODEJS\\test\\src\\utils\\forRoutes.js": {"path":"C:\\Users\\Andela\\Documents\\WEB DEVELOPMENT\\ANDELA\\NODEJS\\test\\src\\utils\\forRoutes.js","statementMap":{"0":{"start":{"line":3,"column":20},"end":{"line":3,"column":65}}},"fnMap":{},"branchMap":{},"s":{"0":4},"f":{},"b":{},"_coverageSchema":"1a1c01bbd47fc00a2c39e90264f33305004495a9","hash":"f5cc6caf3a44299622dd1d7f3abf041eacdcfd67"}
,"C:\\Users\\Andela\\Documents\\WEB DEVELOPMENT\\ANDELA\\NODEJS\\test\\src\\validater\\articleVal.js": {"path":"C:\\Users\\Andela\\Documents\\WEB DEVELOPMENT\\ANDELA\\NODEJS\\test\\src\\validater\\articleVal.js","statementMap":{"0":{"start":{"line":4,"column":23},"end":{"line":8,"column":2}},"1":{"start":{"line":10,"column":19},"end":{"line":14,"column":2}},"2":{"start":{"line":17,"column":19},"end":{"line":19,"column":2}}},"fnMap":{},"branchMap":{},"s":{"0":4,"1":4,"2":4},"f":{},"b":{},"_coverageSchema":"1a1c01bbd47fc00a2c39e90264f33305004495a9","hash":"d8835e0404f4be80ea27c05d19a93b79d37a0c0a"}
,"C:\\Users\\Andela\\Documents\\WEB DEVELOPMENT\\ANDELA\\NODEJS\\test\\src\\validater\\messageVal.js": {"path":"C:\\Users\\Andela\\Documents\\WEB DEVELOPMENT\\ANDELA\\NODEJS\\test\\src\\validater\\messageVal.js","statementMap":{"0":{"start":{"line":3,"column":20},"end":{"line":7,"column":2}}},"fnMap":{},"branchMap":{},"s":{"0":4},"f":{},"b":{},"_coverageSchema":"1a1c01bbd47fc00a2c39e90264f33305004495a9","hash":"7006136a1a79ed87248fbdb637a99336e6a33e9f"}
,"C:\\Users\\Andela\\Documents\\WEB DEVELOPMENT\\ANDELA\\NODEJS\\test\\src\\validater\\regValidate.js": {"path":"C:\\Users\\Andela\\Documents\\WEB DEVELOPMENT\\ANDELA\\NODEJS\\test\\src\\validater\\regValidate.js","statementMap":{"0":{"start":{"line":4,"column":15},"end":{"line":8,"column":2}},"1":{"start":{"line":10,"column":19},"end":{"line":14,"column":2}}},"fnMap":{},"branchMap":{},"s":{"0":4,"1":4},"f":{},"b":{},"_coverageSchema":"1a1c01bbd47fc00a2c39e90264f33305004495a9","hash":"0d40e7c3e767becb2e0938d2864d98101712ef79"}
}
