TN:
SF:src\app.js
FN:17,(anonymous_0)
FNF:1
FNH:1
FNDA:4,(anonymous_0)
DA:7,4
DA:9,4
DA:11,4
DA:12,4
DA:13,4
DA:14,4
DA:15,4
DA:17,4
DA:18,4
DA:19,4
DA:20,4
DA:21,4
DA:23,0
DA:26,4
LF:14
LH:13
BRF:0
BRH:0
end_of_record
TN:
SF:src\controller\artController.js
FN:14,(anonymous_0)
FN:30,(anonymous_1)
FN:36,(anonymous_2)
FN:47,(anonymous_3)
FN:70,(anonymous_4)
FN:81,(anonymous_5)
FN:136,(anonymous_6)
FN:143,(anonymous_7)
FN:160,(anonymous_8)
FN:168,(anonymous_9)
FN:180,(anonymous_10)
FN:198,(anonymous_11)
FN:213,(anonymous_12)
FNF:13
FNH:11
FNDA:10,(anonymous_0)
FNDA:1,(anonymous_1)
FNDA:4,(anonymous_2)
FNDA:2,(anonymous_3)
FNDA:2,(anonymous_4)
FNDA:2,(anonymous_5)
FNDA:0,(anonymous_6)
FNDA:2,(anonymous_7)
FNDA:1,(anonymous_8)
FNDA:1,(anonymous_9)
FNDA:1,(anonymous_10)
FNDA:0,(anonymous_11)
FNDA:2,(anonymous_12)
DA:10,4
DA:11,4
DA:14,4
DA:15,10
DA:16,10
DA:21,10
DA:22,10
DA:30,4
DA:31,1
DA:32,1
DA:36,4
DA:37,4
DA:38,4
DA:39,4
DA:40,0
DA:42,4
DA:47,4
DA:48,2
DA:49,2
DA:50,2
DA:52,1
DA:53,0
DA:55,1
DA:56,0
DA:58,1
DA:59,0
DA:61,1
DA:62,1
DA:65,1
DA:70,4
DA:71,2
DA:72,2
DA:73,2
DA:74,1
DA:76,1
DA:81,4
DA:83,2
DA:84,2
DA:85,2
DA:86,2
DA:87,2
DA:88,2
DA:89,2
DA:95,2
DA:96,2
DA:97,2
DA:98,2
DA:99,2
DA:101,0
DA:102,0
DA:136,4
DA:137,0
DA:138,0
DA:143,4
DA:144,2
DA:145,2
DA:146,2
DA:147,1
DA:148,0
DA:150,1
DA:154,1
DA:160,4
DA:162,1
DA:163,1
DA:164,1
DA:167,1
DA:168,1
DA:170,1
DA:171,1
DA:172,1
DA:174,0
DA:180,4
DA:181,1
DA:182,1
DA:183,1
DA:184,0
DA:185,0
DA:186,0
DA:187,0
DA:188,0
DA:189,0
DA:191,0
DA:195,0
DA:197,0
DA:198,0
DA:200,0
DA:205,0
DA:208,1
DA:213,4
DA:214,2
DA:215,2
DA:216,2
DA:217,1
DA:218,1
DA:220,1
LF:95
LH:73
BRDA:52,0,0,0
BRDA:52,0,1,1
BRDA:55,1,0,0
BRDA:55,1,1,1
BRDA:58,2,0,0
BRDA:58,2,1,1
BRDA:147,3,0,0
BRDA:147,3,1,1
BRDA:186,4,0,0
BRDA:186,4,1,0
BRF:10
BRH:4
end_of_record
TN:
SF:src\controller\mesController.js
FN:14,(anonymous_0)
FN:24,(anonymous_1)
FN:32,(anonymous_2)
FNF:3
FNH:1
FNDA:1,(anonymous_0)
FNDA:0,(anonymous_1)
FNDA:0,(anonymous_2)
DA:10,4
DA:11,4
DA:14,4
DA:15,1
DA:16,1
DA:19,1
DA:20,0
DA:24,4
DA:25,0
DA:26,0
DA:27,0
DA:32,4
DA:33,0
DA:34,0
DA:35,0
DA:36,0
DA:38,0
LF:17
LH:8
BRF:0
BRH:0
end_of_record
TN:
SF:src\controller\regController.js
FN:12,(anonymous_0)
FN:15,(anonymous_1)
FN:40,(anonymous_2)
FN:46,(anonymous_3)
FN:47,(anonymous_4)
FN:77,(anonymous_5)
FN:83,(anonymous_6)
FNF:7
FNH:5
FNDA:5,(anonymous_0)
FNDA:5,(anonymous_1)
FNDA:21,(anonymous_2)
FNDA:24,(anonymous_3)
FNDA:24,(anonymous_4)
FNDA:0,(anonymous_5)
FNDA:0,(anonymous_6)
DA:8,4
DA:9,4
DA:12,4
DA:13,5
DA:15,5
DA:16,5
DA:17,0
DA:19,5
DA:25,5
DA:27,3
DA:28,3
DA:30,0
DA:31,0
DA:40,4
DA:41,21
DA:42,21
DA:46,4
DA:47,24
DA:48,24
DA:49,0
DA:53,24
DA:54,24
DA:61,24
DA:63,18
DA:64,18
DA:66,0
DA:67,0
DA:77,4
DA:78,0
DA:79,0
DA:83,4
DA:84,0
DA:85,0
DA:86,0
DA:87,0
DA:89,0
LF:36
LH:23
BRDA:16,0,0,0
BRDA:16,0,1,5
BRDA:27,1,0,3
BRDA:27,1,1,0
BRDA:48,2,0,0
BRDA:48,2,1,24
BRDA:63,3,0,18
BRDA:63,3,1,0
BRF:8
BRH:4
end_of_record
TN:
SF:src\middlewares\articleMid.js
FN:5,(anonymous_0)
FN:14,(anonymous_1)
FN:23,(anonymous_2)
FNF:3
FNH:3
FNDA:12,(anonymous_0)
FNDA:3,(anonymous_1)
FNDA:2,(anonymous_2)
DA:5,4
DA:6,12
DA:7,12
DA:8,2
DA:11,10
DA:14,4
DA:15,3
DA:16,3
DA:17,1
DA:20,2
DA:23,4
DA:24,2
DA:25,2
DA:26,0
DA:29,2
LF:15
LH:14
BRDA:7,0,0,2
BRDA:7,0,1,10
BRDA:16,1,0,1
BRDA:16,1,1,2
BRDA:25,2,0,0
BRDA:25,2,1,2
BRF:6
BRH:5
end_of_record
TN:
SF:src\middlewares\autho.js
FN:17,(anonymous_0)
FN:38,(anonymous_1)
FN:50,(anonymous_2)
FN:61,(anonymous_3)
FNF:4
FNH:4
FNDA:21,(anonymous_0)
FNDA:21,(anonymous_1)
FNDA:24,(anonymous_2)
FNDA:5,(anonymous_3)
DA:9,4
DA:10,4
DA:11,4
DA:18,21
DA:19,21
DA:20,0
DA:22,21
DA:23,21
DA:24,0
DA:26,21
DA:31,4
DA:39,21
DA:40,21
DA:41,0
DA:43,21
DA:50,4
DA:51,24
DA:52,24
DA:53,0
DA:56,24
DA:61,4
DA:62,5
DA:63,5
DA:64,0
DA:67,5
LF:25
LH:20
BRDA:19,0,0,0
BRDA:19,0,1,21
BRDA:23,1,0,0
BRDA:23,1,1,21
BRDA:40,2,0,0
BRDA:40,2,1,21
BRDA:52,3,0,0
BRDA:52,3,1,24
BRDA:63,4,0,0
BRDA:63,4,1,5
BRF:10
BRH:5
end_of_record
TN:
SF:src\middlewares\checkUser.js
FN:3,(anonymous_0)
FN:10,(anonymous_1)
FNF:2
FNH:2
FNDA:3,(anonymous_0)
FNDA:18,(anonymous_1)
DA:3,4
DA:4,3
DA:5,3
DA:6,0
DA:8,3
DA:10,4
DA:11,18
DA:12,18
DA:13,0
DA:15,18
LF:10
LH:8
BRDA:5,0,0,0
BRDA:5,0,1,3
BRDA:12,1,0,0
BRDA:12,1,1,18
BRF:4
BRH:2
end_of_record
TN:
SF:src\middlewares\messageMid.js
FN:4,(anonymous_0)
FNF:1
FNH:1
FNDA:2,(anonymous_0)
DA:4,4
DA:5,2
DA:6,2
DA:7,1
DA:9,1
DA:10,1
LF:6
LH:6
BRDA:6,0,0,1
BRDA:6,0,1,1
BRF:2
BRH:2
end_of_record
TN:
SF:src\model\articleMod.js
FNF:0
FNH:0
DA:3,4
DA:5,4
DA:29,4
DA:33,4
DA:51,4
DA:57,4
DA:69,4
LF:7
LH:7
BRF:0
BRH:0
end_of_record
TN:
SF:src\model\messageMod.js
FNF:0
FNH:0
DA:3,4
DA:5,4
DA:26,4
LF:3
LH:3
BRF:0
BRH:0
end_of_record
TN:
SF:src\model\registerMod.js
FNF:0
FNH:0
DA:2,4
DA:4,4
DA:23,4
DA:49,4
DA:50,4
LF:5
LH:5
BRF:0
BRH:0
end_of_record
TN:
SF:src\routes\routes.js
FN:12,(anonymous_0)
FNF:1
FNH:0
FNDA:0,(anonymous_0)
DA:6,4
DA:8,4
DA:9,4
DA:10,4
DA:12,4
DA:13,0
LF:6
LH:5
BRF:0
BRH:0
end_of_record
TN:
SF:src\routes\api\articleRoutes.js
FNF:0
FNH:0
DA:7,4
DA:10,4
DA:12,4
DA:14,4
DA:16,4
DA:18,4
DA:22,4
DA:24,4
DA:26,4
DA:28,4
DA:32,4
DA:34,4
LF:12
LH:12
BRF:0
BRH:0
end_of_record
TN:
SF:src\routes\api\contactRoutes.js
FNF:0
FNH:0
DA:8,4
DA:11,4
DA:13,4
DA:15,4
LF:4
LH:4
BRF:0
BRH:0
end_of_record
TN:
SF:src\routes\api\regRoutes.js
FNF:0
FNH:0
DA:7,4
DA:10,4
DA:12,4
DA:15,4
DA:17,4
DA:20,4
LF:6
LH:6
BRF:0
BRH:0
end_of_record
TN:
SF:src\utils\forRoutes.js
FNF:0
FNH:0
DA:3,4
LF:1
LH:1
BRF:0
BRH:0
end_of_record
TN:
SF:src\validater\articleVal.js
FNF:0
FNH:0
DA:4,4
DA:10,4
DA:17,4
LF:3
LH:3
BRF:0
BRH:0
end_of_record
TN:
SF:src\validater\messageVal.js
FNF:0
FNH:0
DA:3,4
LF:1
LH:1
BRF:0
BRH:0
end_of_record
TN:
SF:src\validater\regValidate.js
FNF:0
FNH:0
DA:4,4
DA:10,4
LF:2
LH:2
BRF:0
BRH:0
end_of_record
